<?xml version="1.0" encoding="UTF-8"?>
<!-- Generated by org.testng.reporters.JUnitXMLReporter -->
<testsuite hostname="AlienAngelDesk" ignored="0" name="Command line test" tests="4" failures="0" timestamp="2018-11-04T10:42:02 PST" time="47.048" errors="0">
  <testcase name="prubaDos" time="13.797" classname="tests.Tests"/>
  <testcase name="prubaUno" time="7.744" classname="tests.Tests"/>
  <testcase name="pruebaCantidadCampos" time="0.016" classname="tests.Tests"/>
  <testcase name="pruebaTres" time="13.129" classname="tests.Tests"/>
</testsuite> <!-- Command line test -->
